<?xml version="1.0" encoding="UTF-8"?>
<!-- Generated by org.testng.reporters.JUnitReportReporter -->
<testsuite hostname="praveenkumar07" failures="0" tests="2" name="com.tests.RedBus_Partners_Test" time="7.346" errors="0" timestamp="2021-02-11T19:33:21 IST" skipped="0">
  <testcase classname="com.tests.RedBus_Partners_Test" name="RedBusGoibio_Partner" time="3.954"/>
  <system-out/>
  <testcase classname="com.tests.RedBus_Partners_Test" name="RedBus_MakemyTrip_Partner" time="3.392"/>
  <system-out/>
</testsuite> <!-- com.tests.RedBus_Partners_Test -->
