<?xml version="1.0" encoding="UTF-8"?>
<!-- Generated by org.testng.reporters.JUnitReportReporter -->
<testsuite hostname="praveenkumar07" failures="0" tests="3" name="com.tests.About_RedBus_Test" time="15.568" errors="0" timestamp="2021-02-11T19:33:21 IST" skipped="0">
  <testcase classname="com.tests.About_RedBus_Test" name="RedBus_About" time="5.139"/>
  <system-out/>
  <testcase classname="com.tests.About_RedBus_Test" name="RedBus_Contact" time="3.489"/>
  <system-out/>
  <testcase classname="com.tests.About_RedBus_Test" name="Redbus_Careers" time="6.940"/>
  <system-out/>
</testsuite> <!-- com.tests.About_RedBus_Test -->
