<?xml version="1.0" encoding="UTF-8"?>
<!-- Generated by org.testng.reporters.JUnitReportReporter -->
<testsuite hostname="praveenkumar07" failures="0" tests="1" name="com.tests.RedBus_JoiOperator_Test" time="7.458" errors="0" timestamp="2021-02-11T19:33:21 IST" skipped="0">
  <testcase classname="com.tests.RedBus_JoiOperator_Test" name="Join_As_Operator" time="7.458"/>
  <system-out/>
</testsuite> <!-- com.tests.RedBus_JoiOperator_Test -->
