<?xml version="1.0" encoding="UTF-8"?>
<!-- Generated by org.testng.reporters.JUnitReportReporter -->
<testsuite hostname="praveenkumar07" failures="0" tests="1" name="com.pages.loginPage" time="0.006" errors="0" timestamp="2021-02-02T10:59:13 IST" skipped="0">
  <testcase classname="com.pages.loginPage" name="loginTest" time="0.006"/>
  <system-out/>
</testsuite> <!-- com.pages.loginPage -->
