<?xml version="1.0" encoding="UTF-8"?>
<!-- Generated by org.testng.reporters.JUnitReportReporter -->
<testsuite hostname="praveenkumar07" failures="0" tests="1" name="com.tests.Redbus_Colombia_Test" time="3.999" errors="0" timestamp="2021-02-11T19:33:21 IST" skipped="0">
  <testcase classname="com.tests.Redbus_Colombia_Test" name="Redbus_services_in_Collombia" time="3.999"/>
  <system-out/>
</testsuite> <!-- com.tests.Redbus_Colombia_Test -->
