<?xml version="1.0" encoding="UTF-8"?>
<!-- Generated by org.testng.reporters.JUnitReportReporter -->
<testsuite hostname="praveenkumar07" failures="0" tests="2" name="com.tests.Bus_Hire_Test" time="13.899" errors="0" timestamp="2021-02-11T19:33:21 IST" skipped="0">
  <testcase classname="com.tests.Bus_Hire_Test" name="Bus_Offers" time="5.713"/>
  <system-out/>
  <testcase classname="com.tests.Bus_Hire_Test" name="Cancellation" time="8.186"/>
  <system-out/>
</testsuite> <!-- com.tests.Bus_Hire_Test -->
