<?xml version="1.0" encoding="UTF-8"?>
<!-- Generated by org.testng.reporters.JUnitReportReporter -->
<testsuite hostname="praveenkumar07" failures="0" tests="3" name="com.tests.RPoolNew_Test" time="14.309" errors="0" timestamp="2021-02-11T19:33:21 IST" skipped="0">
  <testcase classname="com.tests.RPoolNew_Test" name="RPool_New" time="4.535"/>
  <system-out/>
  <testcase classname="com.tests.RPoolNew_Test" name="Find_Ride" time="4.542"/>
  <system-out/>
  <testcase classname="com.tests.RPoolNew_Test" name="Offer_Ride" time="5.232"/>
  <system-out/>
</testsuite> <!-- com.tests.RPoolNew_Test -->
